[debug] [2021-08-10T06:19:30.536Z] ----------------------------------------------------------------------
[debug] [2021-08-10T06:19:30.539Z] Command:       C:\Program Files\nodejs\node.exe C:\Users\riyaz\AppData\Roaming\npm\node_modules\firebase-tools\lib\bin\firebase.js init
[debug] [2021-08-10T06:19:30.540Z] CLI Version:   9.2.1
[debug] [2021-08-10T06:19:30.540Z] Platform:      win32
[debug] [2021-08-10T06:19:30.540Z] Node Version:  v14.15.4
[debug] [2021-08-10T06:19:30.543Z] Time:          Tue Aug 10 2021 11:49:30 GMT+0530 (India Standard Time)
[debug] [2021-08-10T06:19:30.543Z] ----------------------------------------------------------------------
[debug] [2021-08-10T06:19:30.543Z] 
[debug] [2021-08-10T06:19:30.552Z] > command requires scopes: ["email","openid","https://www.googleapis.com/auth/cloudplatformprojects.readonly","https://www.googleapis.com/auth/firebase","https://www.googleapis.com/auth/cloud-platform"]
[debug] [2021-08-10T06:19:30.552Z] > authorizing via signed-in user
[info] 
     ######## #### ########  ######## ########     ###     ######  ########
     ##        ##  ##     ## ##       ##     ##  ##   ##  ##       ##
     ######    ##  ########  ######   ########  #########  ######  ######
     ##        ##  ##    ##  ##       ##     ## ##     ##       ## ##
     ##       #### ##     ## ######## ########  ##     ##  ######  ########

You're about to initialize a Firebase project in this directory:

  D:\Work\100ms

Before we get started, keep in mind:

  * You are initializing in an existing Firebase project directory

